2016-06-03 09:50:08.445 [error] <0.650.0>@ejabberd_config:get_plain_terms_file:250 Cannot load /home/ubuntu/ejabberd-16.04/conf/ejabberd.yml: Syntax error on line 261 at position 2: did not find expected key
2016-06-03 09:50:47.058 [error] <0.39.0>@ejabberd_config:get_plain_terms_file:250 Cannot load /home/ubuntu/ejabberd-16.04/conf/ejabberd.yml: Syntax error on line 261 at position 2: did not find expected key
2016-06-03 09:54:16.579 [error] <0.39.0>@ejabberd_config:get_plain_terms_file:250 Cannot load /home/ubuntu/ejabberd-16.04/conf/ejabberd.yml: Syntax error on line 261 at position 2: did not find expected key
2016-06-03 10:21:26.372 [error] <0.39.0>@ejabberd_config:get_plain_terms_file:250 Cannot load /home/ubuntu/ejabberd-16.04/conf/ejabberd.yml: Syntax error on line 261 at position 2: did not find expected key
2016-06-03 10:24:46.607 [error] <0.39.0>@ejabberd_config:get_plain_terms_file:250 Cannot load /home/ubuntu/ejabberd-16.04/conf/ejabberd.yml: Syntax error on line 334 at position 2: did not find expected key
2016-06-03 18:25:37.587 [error] <0.413.0>@ejabberd_sql:log:868 p1_mysql_conn: Connection closed, exiting.
2016-06-03 18:25:37.587 [error] <0.412.0>@ejabberd_sql:log:868 p1_mysql_conn: Connection closed, exiting.
2016-06-03 18:25:37.587 [error] <0.430.0>@ejabberd_sql:log:868 p1_mysql_conn: Connection closed, exiting.
2016-06-03 18:25:37.587 [error] <0.424.0>@ejabberd_sql:log:868 p1_mysql_conn: Connection closed, exiting.
2016-06-03 18:25:37.588 [error] <0.431.0>@ejabberd_sql:log:868 p1_mysql_conn: Connection closed, exiting.
2016-06-03 18:25:37.588 [error] <0.420.0>@ejabberd_sql:log:868 p1_mysql_conn: Connection closed, exiting.
2016-06-03 18:25:37.588 [error] <0.418.0>@ejabberd_sql:log:868 p1_mysql_conn: Connection closed, exiting.
2016-06-03 18:25:37.588 [error] <0.422.0>@ejabberd_sql:log:868 p1_mysql_conn: Connection closed, exiting.
2016-06-03 18:25:37.588 [error] <0.423.0>@ejabberd_sql:log:868 p1_mysql_conn: Connection closed, exiting.
2016-06-03 18:25:37.588 [error] <0.419.0>@ejabberd_sql:log:868 p1_mysql_conn: Connection closed, exiting.
2016-06-03 18:25:37.588 [error] <0.429.0>@ejabberd_sql:log:868 p1_mysql_conn: Connection closed, exiting.
2016-06-03 18:25:37.588 [error] <0.426.0>@ejabberd_sql:log:868 p1_mysql_conn: Connection closed, exiting.
2016-06-03 18:25:37.588 [error] <0.425.0>@ejabberd_sql:log:868 p1_mysql_conn: Connection closed, exiting.
2016-06-03 18:25:37.588 [error] <0.428.0>@ejabberd_sql:log:868 p1_mysql_conn: Connection closed, exiting.
2016-06-03 18:25:37.588 [error] <0.427.0>@ejabberd_sql:log:868 p1_mysql_conn: Connection closed, exiting.
2016-06-03 18:25:37.589 [error] <0.421.0>@ejabberd_sql:log:868 p1_mysql_conn: Connection closed, exiting.
2016-06-03 18:25:37.589 [error] <0.417.0>@ejabberd_sql:log:868 p1_mysql_conn: Connection closed, exiting.
2016-06-03 18:25:37.589 [error] <0.416.0>@ejabberd_sql:log:868 p1_mysql_conn: Connection closed, exiting.
2016-06-03 18:25:37.589 [error] <0.415.0>@ejabberd_sql:log:868 p1_mysql_conn: Connection closed, exiting.
2016-06-03 18:25:37.589 [error] <0.414.0>@ejabberd_sql:log:868 p1_mysql_conn: Connection closed, exiting.
2016-06-04 02:25:37.761 [error] <0.1060.0>@ejabberd_sql:log:868 p1_mysql_conn: Connection closed, exiting.
2016-06-04 02:25:37.761 [error] <0.1062.0>@ejabberd_sql:log:868 p1_mysql_conn: Connection closed, exiting.
2016-06-04 02:25:37.762 [error] <0.1064.0>@ejabberd_sql:log:868 p1_mysql_conn: Connection closed, exiting.
2016-06-04 02:25:37.762 [error] <0.1066.0>@ejabberd_sql:log:868 p1_mysql_conn: Connection closed, exiting.
2016-06-04 02:25:37.762 [error] <0.1068.0>@ejabberd_sql:log:868 p1_mysql_conn: Connection closed, exiting.
2016-06-04 02:25:37.762 [error] <0.1070.0>@ejabberd_sql:log:868 p1_mysql_conn: Connection closed, exiting.
2016-06-04 02:25:37.762 [error] <0.1042.0>@ejabberd_sql:log:868 p1_mysql_conn: Connection closed, exiting.
2016-06-04 02:25:37.762 [error] <0.1044.0>@ejabberd_sql:log:868 p1_mysql_conn: Connection closed, exiting.
2016-06-04 02:25:37.762 [error] <0.1072.0>@ejabberd_sql:log:868 p1_mysql_conn: Connection closed, exiting.
2016-06-04 02:25:37.795 [error] <0.1045.0>@ejabberd_sql:log:868 p1_mysql_conn: Connection closed, exiting.
2016-06-04 02:25:37.795 [error] <0.1046.0>@ejabberd_sql:log:868 p1_mysql_conn: Connection closed, exiting.
2016-06-04 02:25:37.796 [error] <0.1074.0>@ejabberd_sql:log:868 p1_mysql_conn: Connection closed, exiting.
2016-06-04 02:25:37.796 [error] <0.1076.0>@ejabberd_sql:log:868 p1_mysql_conn: Connection closed, exiting.
2016-06-04 02:25:37.796 [error] <0.1048.0>@ejabberd_sql:log:868 p1_mysql_conn: Connection closed, exiting.
2016-06-04 02:25:37.796 [error] <0.1049.0>@ejabberd_sql:log:868 p1_mysql_conn: Connection closed, exiting.
2016-06-04 02:25:37.796 [error] <0.1051.0>@ejabberd_sql:log:868 p1_mysql_conn: Connection closed, exiting.
2016-06-04 02:25:37.796 [error] <0.1053.0>@ejabberd_sql:log:868 p1_mysql_conn: Connection closed, exiting.
2016-06-04 02:25:37.796 [error] <0.1052.0>@ejabberd_sql:log:868 p1_mysql_conn: Connection closed, exiting.
2016-06-04 02:25:37.796 [error] <0.1078.0>@ejabberd_sql:log:868 p1_mysql_conn: Connection closed, exiting.
2016-06-04 02:25:37.796 [error] <0.1080.0>@ejabberd_sql:log:868 p1_mysql_conn: Connection closed, exiting.
2016-06-04 10:25:37.865 [error] <0.1482.0>@ejabberd_sql:log:868 p1_mysql_conn: Connection closed, exiting.
2016-06-04 10:25:37.865 [error] <0.1484.0>@ejabberd_sql:log:868 p1_mysql_conn: Connection closed, exiting.
2016-06-04 10:25:37.865 [error] <0.1485.0>@ejabberd_sql:log:868 p1_mysql_conn: Connection closed, exiting.
2016-06-04 10:25:37.865 [error] <0.1486.0>@ejabberd_sql:log:868 p1_mysql_conn: Connection closed, exiting.
2016-06-04 10:25:37.865 [error] <0.1488.0>@ejabberd_sql:log:868 p1_mysql_conn: Connection closed, exiting.
2016-06-04 10:25:37.866 [error] <0.1492.0>@ejabberd_sql:log:868 p1_mysql_conn: Connection closed, exiting.
2016-06-04 10:25:37.866 [error] <0.1493.0>@ejabberd_sql:log:868 p1_mysql_conn: Connection closed, exiting.
2016-06-04 10:25:37.866 [error] <0.1489.0>@ejabberd_sql:log:868 p1_mysql_conn: Connection closed, exiting.
2016-06-04 10:25:37.866 [error] <0.1491.0>@ejabberd_sql:log:868 p1_mysql_conn: Connection closed, exiting.
2016-06-04 10:25:37.923 [error] <0.1500.0>@ejabberd_sql:log:868 p1_mysql_conn: Connection closed, exiting.
2016-06-04 10:25:37.923 [error] <0.1502.0>@ejabberd_sql:log:868 p1_mysql_conn: Connection closed, exiting.
2016-06-04 10:25:37.923 [error] <0.1504.0>@ejabberd_sql:log:868 p1_mysql_conn: Connection closed, exiting.
2016-06-04 10:25:37.923 [error] <0.1506.0>@ejabberd_sql:log:868 p1_mysql_conn: Connection closed, exiting.
2016-06-04 10:25:37.923 [error] <0.1508.0>@ejabberd_sql:log:868 p1_mysql_conn: Connection closed, exiting.
2016-06-04 10:25:37.923 [error] <0.1510.0>@ejabberd_sql:log:868 p1_mysql_conn: Connection closed, exiting.
2016-06-04 10:25:37.924 [error] <0.1512.0>@ejabberd_sql:log:868 p1_mysql_conn: Connection closed, exiting.
2016-06-04 10:25:37.924 [error] <0.1514.0>@ejabberd_sql:log:868 p1_mysql_conn: Connection closed, exiting.
2016-06-04 10:25:37.924 [error] <0.1516.0>@ejabberd_sql:log:868 p1_mysql_conn: Connection closed, exiting.
2016-06-04 10:25:37.924 [error] <0.1518.0>@ejabberd_sql:log:868 p1_mysql_conn: Connection closed, exiting.
2016-06-04 10:25:37.924 [error] <0.1520.0>@ejabberd_sql:log:868 p1_mysql_conn: Connection closed, exiting.
2016-06-04 21:57:36.437 [error] <0.416.0>@ejabberd_sql:log:868 p1_mysql_conn: Connection closed, exiting.
2016-06-04 21:57:36.438 [error] <0.417.0>@ejabberd_sql:log:868 p1_mysql_conn: Connection closed, exiting.
2016-06-04 21:57:36.438 [error] <0.418.0>@ejabberd_sql:log:868 p1_mysql_conn: Connection closed, exiting.
2016-06-04 21:57:36.438 [error] <0.419.0>@ejabberd_sql:log:868 p1_mysql_conn: Connection closed, exiting.
2016-06-04 21:57:36.438 [error] <0.432.0>@ejabberd_sql:log:868 p1_mysql_conn: Connection closed, exiting.
2016-06-04 21:57:36.438 [error] <0.420.0>@ejabberd_sql:log:868 p1_mysql_conn: Connection closed, exiting.
2016-06-04 21:57:36.438 [error] <0.421.0>@ejabberd_sql:log:868 p1_mysql_conn: Connection closed, exiting.
2016-06-04 21:57:36.438 [error] <0.434.0>@ejabberd_sql:log:868 p1_mysql_conn: Connection closed, exiting.
2016-06-04 21:57:36.495 [error] <0.422.0>@ejabberd_sql:log:868 p1_mysql_conn: Connection closed, exiting.
2016-06-04 21:57:36.495 [error] <0.424.0>@ejabberd_sql:log:868 p1_mysql_conn: Connection closed, exiting.
2016-06-04 21:57:36.495 [error] <0.426.0>@ejabberd_sql:log:868 p1_mysql_conn: Connection closed, exiting.
2016-06-04 21:57:36.495 [error] <0.427.0>@ejabberd_sql:log:868 p1_mysql_conn: Connection closed, exiting.
2016-06-04 21:57:36.496 [error] <0.428.0>@ejabberd_sql:log:868 p1_mysql_conn: Connection closed, exiting.
2016-06-04 21:57:36.496 [error] <0.429.0>@ejabberd_sql:log:868 p1_mysql_conn: Connection closed, exiting.
2016-06-04 21:57:36.496 [error] <0.430.0>@ejabberd_sql:log:868 p1_mysql_conn: Connection closed, exiting.
2016-06-04 21:57:36.496 [error] <0.431.0>@ejabberd_sql:log:868 p1_mysql_conn: Connection closed, exiting.
2016-06-04 21:57:36.496 [error] <0.415.0>@ejabberd_sql:log:868 p1_mysql_conn: Connection closed, exiting.
2016-06-04 21:57:36.497 [error] <0.423.0>@ejabberd_sql:log:868 p1_mysql_conn: Connection closed, exiting.
2016-06-04 21:57:36.497 [error] <0.433.0>@ejabberd_sql:log:868 p1_mysql_conn: Connection closed, exiting.
2016-06-04 21:57:36.497 [error] <0.425.0>@ejabberd_sql:log:868 p1_mysql_conn: Connection closed, exiting.
2016-06-05 05:57:36.583 [error] <0.954.0>@ejabberd_sql:log:868 p1_mysql_conn: Connection closed, exiting.
2016-06-05 05:57:36.583 [error] <0.956.0>@ejabberd_sql:log:868 p1_mysql_conn: Connection closed, exiting.
2016-06-05 05:57:36.583 [error] <0.957.0>@ejabberd_sql:log:868 p1_mysql_conn: Connection closed, exiting.
2016-06-05 05:57:36.583 [error] <0.958.0>@ejabberd_sql:log:868 p1_mysql_conn: Connection closed, exiting.
2016-06-05 05:57:36.584 [error] <0.960.0>@ejabberd_sql:log:868 p1_mysql_conn: Connection closed, exiting.
2016-06-05 05:57:36.584 [error] <0.961.0>@ejabberd_sql:log:868 p1_mysql_conn: Connection closed, exiting.
2016-06-05 05:57:36.584 [error] <0.964.0>@ejabberd_sql:log:868 p1_mysql_conn: Connection closed, exiting.
2016-06-05 05:57:36.584 [error] <0.963.0>@ejabberd_sql:log:868 p1_mysql_conn: Connection closed, exiting.
2016-06-05 05:57:36.584 [error] <0.970.0>@ejabberd_sql:log:868 p1_mysql_conn: Connection closed, exiting.
2016-06-05 05:57:36.624 [error] <0.972.0>@ejabberd_sql:log:868 p1_mysql_conn: Connection closed, exiting.
2016-06-05 05:57:36.647 [error] <0.974.0>@ejabberd_sql:log:868 p1_mysql_conn: Connection closed, exiting.
2016-06-05 05:57:36.647 [error] <0.976.0>@ejabberd_sql:log:868 p1_mysql_conn: Connection closed, exiting.
2016-06-05 05:57:36.647 [error] <0.978.0>@ejabberd_sql:log:868 p1_mysql_conn: Connection closed, exiting.
2016-06-05 05:57:36.647 [error] <0.980.0>@ejabberd_sql:log:868 p1_mysql_conn: Connection closed, exiting.
2016-06-05 05:57:36.647 [error] <0.982.0>@ejabberd_sql:log:868 p1_mysql_conn: Connection closed, exiting.
2016-06-05 05:57:36.647 [error] <0.984.0>@ejabberd_sql:log:868 p1_mysql_conn: Connection closed, exiting.
2016-06-05 05:57:36.647 [error] <0.986.0>@ejabberd_sql:log:868 p1_mysql_conn: Connection closed, exiting.
2016-06-05 05:57:36.647 [error] <0.988.0>@ejabberd_sql:log:868 p1_mysql_conn: Connection closed, exiting.
2016-06-05 05:57:36.648 [error] <0.992.0>@ejabberd_sql:log:868 p1_mysql_conn: Connection closed, exiting.
2016-06-05 05:57:36.648 [error] <0.990.0>@ejabberd_sql:log:868 p1_mysql_conn: Connection closed, exiting.
2016-06-05 13:57:36.628 [error] <0.1394.0>@ejabberd_sql:log:868 p1_mysql_conn: Connection closed, exiting.
2016-06-05 13:57:36.629 [error] <0.1396.0>@ejabberd_sql:log:868 p1_mysql_conn: Connection closed, exiting.
2016-06-05 13:57:36.629 [error] <0.1397.0>@ejabberd_sql:log:868 p1_mysql_conn: Connection closed, exiting.
2016-06-05 13:57:36.629 [error] <0.1398.0>@ejabberd_sql:log:868 p1_mysql_conn: Connection closed, exiting.
2016-06-05 13:57:36.629 [error] <0.1400.0>@ejabberd_sql:log:868 p1_mysql_conn: Connection closed, exiting.
2016-06-05 13:57:36.629 [error] <0.1401.0>@ejabberd_sql:log:868 p1_mysql_conn: Connection closed, exiting.
2016-06-05 13:57:36.629 [error] <0.1412.0>@ejabberd_sql:log:868 p1_mysql_conn: Connection closed, exiting.
2016-06-05 13:57:36.629 [error] <0.1405.0>@ejabberd_sql:log:868 p1_mysql_conn: Connection closed, exiting.
2016-06-05 13:57:36.671 [error] <0.1403.0>@ejabberd_sql:log:868 p1_mysql_conn: Connection closed, exiting.
2016-06-05 13:57:36.671 [error] <0.1404.0>@ejabberd_sql:log:868 p1_mysql_conn: Connection closed, exiting.
2016-06-05 13:57:36.746 [error] <0.1414.0>@ejabberd_sql:log:868 p1_mysql_conn: Connection closed, exiting.
2016-06-05 13:57:36.746 [error] <0.1416.0>@ejabberd_sql:log:868 p1_mysql_conn: Connection closed, exiting.
2016-06-05 13:57:36.746 [error] <0.1417.0>@ejabberd_sql:log:868 p1_mysql_conn: Connection closed, exiting.
2016-06-05 13:57:36.746 [error] <0.1418.0>@ejabberd_sql:log:868 p1_mysql_conn: Connection closed, exiting.
2016-06-05 13:57:36.746 [error] <0.1423.0>@ejabberd_sql:log:868 p1_mysql_conn: Connection closed, exiting.
2016-06-05 13:57:36.746 [error] <0.1424.0>@ejabberd_sql:log:868 p1_mysql_conn: Connection closed, exiting.
2016-06-05 13:57:36.746 [error] <0.1425.0>@ejabberd_sql:log:868 p1_mysql_conn: Connection closed, exiting.
2016-06-05 13:57:36.746 [error] <0.1427.0>@ejabberd_sql:log:868 p1_mysql_conn: Connection closed, exiting.
2016-06-05 13:57:36.747 [error] <0.1420.0>@ejabberd_sql:log:868 p1_mysql_conn: Connection closed, exiting.
2016-06-05 13:57:36.747 [error] <0.1421.0>@ejabberd_sql:log:868 p1_mysql_conn: Connection closed, exiting.
2016-06-05 21:57:36.751 [error] <0.1834.0>@ejabberd_sql:log:868 p1_mysql_conn: Connection closed, exiting.
2016-06-05 21:57:36.752 [error] <0.1836.0>@ejabberd_sql:log:868 p1_mysql_conn: Connection closed, exiting.
2016-06-05 21:57:36.752 [error] <0.1837.0>@ejabberd_sql:log:868 p1_mysql_conn: Connection closed, exiting.
2016-06-05 21:57:36.752 [error] <0.1838.0>@ejabberd_sql:log:868 p1_mysql_conn: Connection closed, exiting.
2016-06-05 21:57:36.752 [error] <0.1840.0>@ejabberd_sql:log:868 p1_mysql_conn: Connection closed, exiting.
2016-06-05 21:57:36.752 [error] <0.1850.0>@ejabberd_sql:log:868 p1_mysql_conn: Connection closed, exiting.
2016-06-05 21:57:36.752 [error] <0.1852.0>@ejabberd_sql:log:868 p1_mysql_conn: Connection closed, exiting.
2016-06-05 21:57:36.752 [error] <0.1841.0>@ejabberd_sql:log:868 p1_mysql_conn: Connection closed, exiting.
2016-06-05 21:57:36.752 [error] <0.1844.0>@ejabberd_sql:log:868 p1_mysql_conn: Connection closed, exiting.
2016-06-05 21:57:36.796 [error] <0.1843.0>@ejabberd_sql:log:868 p1_mysql_conn: Connection closed, exiting.
2016-06-05 21:57:36.847 [error] <0.1854.0>@ejabberd_sql:log:868 p1_mysql_conn: Connection closed, exiting.
2016-06-05 21:57:36.848 [error] <0.1856.0>@ejabberd_sql:log:868 p1_mysql_conn: Connection closed, exiting.
2016-06-05 21:57:36.848 [error] <0.1857.0>@ejabberd_sql:log:868 p1_mysql_conn: Connection closed, exiting.
2016-06-05 21:57:36.848 [error] <0.1858.0>@ejabberd_sql:log:868 p1_mysql_conn: Connection closed, exiting.
2016-06-05 21:57:36.848 [error] <0.1861.0>@ejabberd_sql:log:868 p1_mysql_conn: Connection closed, exiting.
2016-06-05 21:57:36.848 [error] <0.1863.0>@ejabberd_sql:log:868 p1_mysql_conn: Connection closed, exiting.
2016-06-05 21:57:36.848 [error] <0.1864.0>@ejabberd_sql:log:868 p1_mysql_conn: Connection closed, exiting.
2016-06-05 21:57:36.848 [error] <0.1865.0>@ejabberd_sql:log:868 p1_mysql_conn: Connection closed, exiting.
2016-06-05 21:57:36.848 [error] <0.1867.0>@ejabberd_sql:log:868 p1_mysql_conn: Connection closed, exiting.
2016-06-05 21:57:36.848 [error] <0.1860.0>@ejabberd_sql:log:868 p1_mysql_conn: Connection closed, exiting.
2016-06-06 05:57:36.806 [error] <0.3234.0>@ejabberd_sql:log:868 p1_mysql_conn: Connection closed, exiting.
2016-06-06 05:57:36.806 [error] <0.3236.0>@ejabberd_sql:log:868 p1_mysql_conn: Connection closed, exiting.
2016-06-06 05:57:36.806 [error] <0.3237.0>@ejabberd_sql:log:868 p1_mysql_conn: Connection closed, exiting.
2016-06-06 05:57:36.806 [error] <0.3238.0>@ejabberd_sql:log:868 p1_mysql_conn: Connection closed, exiting.
2016-06-06 05:57:36.806 [error] <0.3243.0>@ejabberd_sql:log:868 p1_mysql_conn: Connection closed, exiting.
2016-06-06 05:57:36.806 [error] <0.3240.0>@ejabberd_sql:log:868 p1_mysql_conn: Connection closed, exiting.
2016-06-06 05:57:36.806 [error] <0.3252.0>@ejabberd_sql:log:868 p1_mysql_conn: Connection closed, exiting.
2016-06-06 05:57:36.806 [error] <0.3245.0>@ejabberd_sql:log:868 p1_mysql_conn: Connection closed, exiting.
2016-06-06 05:57:36.850 [error] <0.3241.0>@ejabberd_sql:log:868 p1_mysql_conn: Connection closed, exiting.
2016-06-06 05:57:36.850 [error] <0.3244.0>@ejabberd_sql:log:868 p1_mysql_conn: Connection closed, exiting.
2016-06-06 05:57:36.910 [error] <0.3254.0>@ejabberd_sql:log:868 p1_mysql_conn: Connection closed, exiting.
2016-06-06 05:57:36.911 [error] <0.3256.0>@ejabberd_sql:log:868 p1_mysql_conn: Connection closed, exiting.
2016-06-06 05:57:36.911 [error] <0.3257.0>@ejabberd_sql:log:868 p1_mysql_conn: Connection closed, exiting.
2016-06-06 05:57:36.911 [error] <0.3258.0>@ejabberd_sql:log:868 p1_mysql_conn: Connection closed, exiting.
2016-06-06 05:57:36.911 [error] <0.3261.0>@ejabberd_sql:log:868 p1_mysql_conn: Connection closed, exiting.
2016-06-06 05:57:36.911 [error] <0.3263.0>@ejabberd_sql:log:868 p1_mysql_conn: Connection closed, exiting.
2016-06-06 05:57:36.911 [error] <0.3264.0>@ejabberd_sql:log:868 p1_mysql_conn: Connection closed, exiting.
2016-06-06 05:57:36.911 [error] <0.3265.0>@ejabberd_sql:log:868 p1_mysql_conn: Connection closed, exiting.
2016-06-06 05:57:36.912 [error] <0.3260.0>@ejabberd_sql:log:868 p1_mysql_conn: Connection closed, exiting.
2016-06-06 05:57:36.912 [error] <0.3267.0>@ejabberd_sql:log:868 p1_mysql_conn: Connection closed, exiting.
2016-06-06 13:57:36.855 [error] <0.4634.0>@ejabberd_sql:log:868 p1_mysql_conn: Connection closed, exiting.
2016-06-06 13:57:36.855 [error] <0.4636.0>@ejabberd_sql:log:868 p1_mysql_conn: Connection closed, exiting.
2016-06-06 13:57:36.855 [error] <0.4637.0>@ejabberd_sql:log:868 p1_mysql_conn: Connection closed, exiting.
2016-06-06 13:57:36.855 [error] <0.4638.0>@ejabberd_sql:log:868 p1_mysql_conn: Connection closed, exiting.
2016-06-06 13:57:36.855 [error] <0.4643.0>@ejabberd_sql:log:868 p1_mysql_conn: Connection closed, exiting.
2016-06-06 13:57:36.855 [error] <0.4640.0>@ejabberd_sql:log:868 p1_mysql_conn: Connection closed, exiting.
2016-06-06 13:57:36.855 [error] <0.4650.0>@ejabberd_sql:log:868 p1_mysql_conn: Connection closed, exiting.
2016-06-06 13:57:36.855 [error] <0.4652.0>@ejabberd_sql:log:868 p1_mysql_conn: Connection closed, exiting.
2016-06-06 13:57:36.903 [error] <0.4641.0>@ejabberd_sql:log:868 p1_mysql_conn: Connection closed, exiting.
2016-06-06 13:57:36.903 [error] <0.4644.0>@ejabberd_sql:log:868 p1_mysql_conn: Connection closed, exiting.
2016-06-06 13:57:36.950 [error] <0.4654.0>@ejabberd_sql:log:868 p1_mysql_conn: Connection closed, exiting.
2016-06-06 13:57:36.950 [error] <0.4656.0>@ejabberd_sql:log:868 p1_mysql_conn: Connection closed, exiting.
2016-06-06 13:57:36.950 [error] <0.4658.0>@ejabberd_sql:log:868 p1_mysql_conn: Connection closed, exiting.
2016-06-06 13:57:36.950 [error] <0.4660.0>@ejabberd_sql:log:868 p1_mysql_conn: Connection closed, exiting.
2016-06-06 13:57:36.950 [error] <0.4657.0>@ejabberd_sql:log:868 p1_mysql_conn: Connection closed, exiting.
2016-06-06 13:57:36.950 [error] <0.4667.0>@ejabberd_sql:log:868 p1_mysql_conn: Connection closed, exiting.
2016-06-06 13:57:36.950 [error] <0.4661.0>@ejabberd_sql:log:868 p1_mysql_conn: Connection closed, exiting.
2016-06-06 13:57:36.950 [error] <0.4663.0>@ejabberd_sql:log:868 p1_mysql_conn: Connection closed, exiting.
2016-06-06 13:57:36.951 [error] <0.4664.0>@ejabberd_sql:log:868 p1_mysql_conn: Connection closed, exiting.
2016-06-06 13:57:36.951 [error] <0.4665.0>@ejabberd_sql:log:868 p1_mysql_conn: Connection closed, exiting.
2016-06-06 21:57:36.910 [error] <0.6034.0>@ejabberd_sql:log:868 p1_mysql_conn: Connection closed, exiting.
2016-06-06 21:57:36.910 [error] <0.6036.0>@ejabberd_sql:log:868 p1_mysql_conn: Connection closed, exiting.
2016-06-06 21:57:36.910 [error] <0.6037.0>@ejabberd_sql:log:868 p1_mysql_conn: Connection closed, exiting.
2016-06-06 21:57:36.910 [error] <0.6038.0>@ejabberd_sql:log:868 p1_mysql_conn: Connection closed, exiting.
2016-06-06 21:57:36.910 [error] <0.6040.0>@ejabberd_sql:log:868 p1_mysql_conn: Connection closed, exiting.
2016-06-06 21:57:36.910 [error] <0.6050.0>@ejabberd_sql:log:868 p1_mysql_conn: Connection closed, exiting.
2016-06-06 21:57:36.910 [error] <0.6052.0>@ejabberd_sql:log:868 p1_mysql_conn: Connection closed, exiting.
2016-06-06 21:57:36.910 [error] <0.6041.0>@ejabberd_sql:log:868 p1_mysql_conn: Connection closed, exiting.
2016-06-06 21:57:36.943 [error] <0.6044.0>@ejabberd_sql:log:868 p1_mysql_conn: Connection closed, exiting.
2016-06-06 21:57:36.943 [error] <0.6043.0>@ejabberd_sql:log:868 p1_mysql_conn: Connection closed, exiting.
2016-06-06 21:57:36.995 [error] <0.6054.0>@ejabberd_sql:log:868 p1_mysql_conn: Connection closed, exiting.
2016-06-06 21:57:36.995 [error] <0.6056.0>@ejabberd_sql:log:868 p1_mysql_conn: Connection closed, exiting.
2016-06-06 21:57:36.995 [error] <0.6057.0>@ejabberd_sql:log:868 p1_mysql_conn: Connection closed, exiting.
2016-06-06 21:57:36.995 [error] <0.6058.0>@ejabberd_sql:log:868 p1_mysql_conn: Connection closed, exiting.
2016-06-06 21:57:36.995 [error] <0.6063.0>@ejabberd_sql:log:868 p1_mysql_conn: Connection closed, exiting.
2016-06-06 21:57:36.995 [error] <0.6064.0>@ejabberd_sql:log:868 p1_mysql_conn: Connection closed, exiting.
2016-06-06 21:57:36.995 [error] <0.6065.0>@ejabberd_sql:log:868 p1_mysql_conn: Connection closed, exiting.
2016-06-06 21:57:36.996 [error] <0.6067.0>@ejabberd_sql:log:868 p1_mysql_conn: Connection closed, exiting.
2016-06-06 21:57:36.996 [error] <0.6060.0>@ejabberd_sql:log:868 p1_mysql_conn: Connection closed, exiting.
2016-06-06 21:57:36.996 [error] <0.6061.0>@ejabberd_sql:log:868 p1_mysql_conn: Connection closed, exiting.
2016-06-07 05:57:37.031 [error] <0.7434.0>@ejabberd_sql:log:868 p1_mysql_conn: Connection closed, exiting.
2016-06-07 05:57:37.031 [error] <0.7436.0>@ejabberd_sql:log:868 p1_mysql_conn: Connection closed, exiting.
2016-06-07 05:57:37.031 [error] <0.7437.0>@ejabberd_sql:log:868 p1_mysql_conn: Connection closed, exiting.
2016-06-07 05:57:37.031 [error] <0.7438.0>@ejabberd_sql:log:868 p1_mysql_conn: Connection closed, exiting.
2016-06-07 05:57:37.031 [error] <0.7443.0>@ejabberd_sql:log:868 p1_mysql_conn: Connection closed, exiting.
2016-06-07 05:57:37.031 [error] <0.7450.0>@ejabberd_sql:log:868 p1_mysql_conn: Connection closed, exiting.
2016-06-07 05:57:37.031 [error] <0.7440.0>@ejabberd_sql:log:868 p1_mysql_conn: Connection closed, exiting.
2016-06-07 05:57:37.031 [error] <0.7452.0>@ejabberd_sql:log:868 p1_mysql_conn: Connection closed, exiting.
2016-06-07 05:57:37.031 [error] <0.7444.0>@ejabberd_sql:log:868 p1_mysql_conn: Connection closed, exiting.
2016-06-07 05:57:37.066 [error] <0.7441.0>@ejabberd_sql:log:868 p1_mysql_conn: Connection closed, exiting.
2016-06-07 05:57:37.084 [error] <0.7454.0>@ejabberd_sql:log:868 p1_mysql_conn: Connection closed, exiting.
2016-06-07 05:57:37.084 [error] <0.7456.0>@ejabberd_sql:log:868 p1_mysql_conn: Connection closed, exiting.
2016-06-07 05:57:37.084 [error] <0.7457.0>@ejabberd_sql:log:868 p1_mysql_conn: Connection closed, exiting.
2016-06-07 05:57:37.084 [error] <0.7458.0>@ejabberd_sql:log:868 p1_mysql_conn: Connection closed, exiting.
2016-06-07 05:57:37.084 [error] <0.7463.0>@ejabberd_sql:log:868 p1_mysql_conn: Connection closed, exiting.
2016-06-07 05:57:37.084 [error] <0.7464.0>@ejabberd_sql:log:868 p1_mysql_conn: Connection closed, exiting.
2016-06-07 05:57:37.085 [error] <0.7465.0>@ejabberd_sql:log:868 p1_mysql_conn: Connection closed, exiting.
2016-06-07 05:57:37.085 [error] <0.7467.0>@ejabberd_sql:log:868 p1_mysql_conn: Connection closed, exiting.
2016-06-07 05:57:37.085 [error] <0.7460.0>@ejabberd_sql:log:868 p1_mysql_conn: Connection closed, exiting.
2016-06-07 05:57:37.085 [error] <0.7461.0>@ejabberd_sql:log:868 p1_mysql_conn: Connection closed, exiting.
2016-06-07 13:57:37.138 [error] <0.8834.0>@ejabberd_sql:log:868 p1_mysql_conn: Connection closed, exiting.
2016-06-07 13:57:37.138 [error] <0.8836.0>@ejabberd_sql:log:868 p1_mysql_conn: Connection closed, exiting.
2016-06-07 13:57:37.138 [error] <0.8837.0>@ejabberd_sql:log:868 p1_mysql_conn: Connection closed, exiting.
2016-06-07 13:57:37.138 [error] <0.8838.0>@ejabberd_sql:log:868 p1_mysql_conn: Connection closed, exiting.
2016-06-07 13:57:37.138 [error] <0.8840.0>@ejabberd_sql:log:868 p1_mysql_conn: Connection closed, exiting.
2016-06-07 13:57:37.138 [error] <0.8841.0>@ejabberd_sql:log:868 p1_mysql_conn: Connection closed, exiting.
2016-06-07 13:57:37.138 [error] <0.8852.0>@ejabberd_sql:log:868 p1_mysql_conn: Connection closed, exiting.
2016-06-07 13:57:37.138 [error] <0.8844.0>@ejabberd_sql:log:868 p1_mysql_conn: Connection closed, exiting.
2016-06-07 13:57:37.167 [error] <0.8845.0>@ejabberd_sql:log:868 p1_mysql_conn: Connection closed, exiting.
2016-06-07 13:57:37.167 [error] <0.8843.0>@ejabberd_sql:log:868 p1_mysql_conn: Connection closed, exiting.
2016-06-07 13:57:37.184 [error] <0.8854.0>@ejabberd_sql:log:868 p1_mysql_conn: Connection closed, exiting.
2016-06-07 13:57:37.185 [error] <0.8860.0>@ejabberd_sql:log:868 p1_mysql_conn: Connection closed, exiting.
2016-06-07 13:57:37.185 [error] <0.8862.0>@ejabberd_sql:log:868 p1_mysql_conn: Connection closed, exiting.
2016-06-07 13:57:37.185 [error] <0.8863.0>@ejabberd_sql:log:868 p1_mysql_conn: Connection closed, exiting.
2016-06-07 13:57:37.185 [error] <0.8864.0>@ejabberd_sql:log:868 p1_mysql_conn: Connection closed, exiting.
2016-06-07 13:57:37.185 [error] <0.8866.0>@ejabberd_sql:log:868 p1_mysql_conn: Connection closed, exiting.
2016-06-07 13:57:37.185 [error] <0.8856.0>@ejabberd_sql:log:868 p1_mysql_conn: Connection closed, exiting.
2016-06-07 13:57:37.185 [error] <0.8857.0>@ejabberd_sql:log:868 p1_mysql_conn: Connection closed, exiting.
2016-06-07 13:57:37.185 [error] <0.8858.0>@ejabberd_sql:log:868 p1_mysql_conn: Connection closed, exiting.
2016-06-07 13:57:37.185 [error] <0.8867.0>@ejabberd_sql:log:868 p1_mysql_conn: Connection closed, exiting.
2016-06-07 21:57:37.171 [error] <0.10234.0>@ejabberd_sql:log:868 p1_mysql_conn: Connection closed, exiting.
2016-06-07 21:57:37.171 [error] <0.10236.0>@ejabberd_sql:log:868 p1_mysql_conn: Connection closed, exiting.
2016-06-07 21:57:37.171 [error] <0.10237.0>@ejabberd_sql:log:868 p1_mysql_conn: Connection closed, exiting.
2016-06-07 21:57:37.171 [error] <0.10238.0>@ejabberd_sql:log:868 p1_mysql_conn: Connection closed, exiting.
2016-06-07 21:57:37.171 [error] <0.10240.0>@ejabberd_sql:log:868 p1_mysql_conn: Connection closed, exiting.
2016-06-07 21:57:37.171 [error] <0.10250.0>@ejabberd_sql:log:868 p1_mysql_conn: Connection closed, exiting.
2016-06-07 21:57:37.171 [error] <0.10252.0>@ejabberd_sql:log:868 p1_mysql_conn: Connection closed, exiting.
2016-06-07 21:57:37.171 [error] <0.10241.0>@ejabberd_sql:log:868 p1_mysql_conn: Connection closed, exiting.
2016-06-07 21:57:37.195 [error] <0.10244.0>@ejabberd_sql:log:868 p1_mysql_conn: Connection closed, exiting.
2016-06-07 21:57:37.195 [error] <0.10243.0>@ejabberd_sql:log:868 p1_mysql_conn: Connection closed, exiting.
2016-06-07 21:57:37.196 [error] <0.10254.0>@ejabberd_sql:log:868 p1_mysql_conn: Connection closed, exiting.
2016-06-07 21:57:37.196 [error] <0.10260.0>@ejabberd_sql:log:868 p1_mysql_conn: Connection closed, exiting.
2016-06-07 21:57:37.196 [error] <0.10256.0>@ejabberd_sql:log:868 p1_mysql_conn: Connection closed, exiting.
2016-06-07 21:57:37.196 [error] <0.10257.0>@ejabberd_sql:log:868 p1_mysql_conn: Connection closed, exiting.
2016-06-07 21:57:37.196 [error] <0.10258.0>@ejabberd_sql:log:868 p1_mysql_conn: Connection closed, exiting.
2016-06-07 21:57:37.196 [error] <0.10261.0>@ejabberd_sql:log:868 p1_mysql_conn: Connection closed, exiting.
2016-06-07 21:57:37.196 [error] <0.10263.0>@ejabberd_sql:log:868 p1_mysql_conn: Connection closed, exiting.
2016-06-07 21:57:37.196 [error] <0.10264.0>@ejabberd_sql:log:868 p1_mysql_conn: Connection closed, exiting.
2016-06-07 21:57:37.196 [error] <0.10265.0>@ejabberd_sql:log:868 p1_mysql_conn: Connection closed, exiting.
2016-06-07 21:57:37.196 [error] <0.10267.0>@ejabberd_sql:log:868 p1_mysql_conn: Connection closed, exiting.
2016-06-08 05:57:37.378 [error] <0.11634.0>@ejabberd_sql:log:868 p1_mysql_conn: Connection closed, exiting.
2016-06-08 05:57:37.378 [error] <0.11636.0>@ejabberd_sql:log:868 p1_mysql_conn: Connection closed, exiting.
2016-06-08 05:57:37.378 [error] <0.11637.0>@ejabberd_sql:log:868 p1_mysql_conn: Connection closed, exiting.
2016-06-08 05:57:37.378 [error] <0.11638.0>@ejabberd_sql:log:868 p1_mysql_conn: Connection closed, exiting.
2016-06-08 05:57:37.378 [error] <0.11640.0>@ejabberd_sql:log:868 p1_mysql_conn: Connection closed, exiting.
2016-06-08 05:57:37.378 [error] <0.11644.0>@ejabberd_sql:log:868 p1_mysql_conn: Connection closed, exiting.
2016-06-08 05:57:37.378 [error] <0.11650.0>@ejabberd_sql:log:868 p1_mysql_conn: Connection closed, exiting.
2016-06-08 05:57:37.378 [error] <0.11641.0>@ejabberd_sql:log:868 p1_mysql_conn: Connection closed, exiting.
2016-06-08 05:57:37.378 [error] <0.11643.0>@ejabberd_sql:log:868 p1_mysql_conn: Connection closed, exiting.
2016-06-08 05:57:37.424 [error] <0.11652.0>@ejabberd_sql:log:868 p1_mysql_conn: Connection closed, exiting.
2016-06-08 05:57:37.424 [error] <0.11656.0>@ejabberd_sql:log:868 p1_mysql_conn: Connection closed, exiting.
2016-06-08 05:57:37.424 [error] <0.11653.0>@ejabberd_sql:log:868 p1_mysql_conn: Connection closed, exiting.
2016-06-08 05:57:37.424 [error] <0.11654.0>@ejabberd_sql:log:868 p1_mysql_conn: Connection closed, exiting.
2016-06-08 05:57:37.425 [error] <0.11663.0>@ejabberd_sql:log:868 p1_mysql_conn: Connection closed, exiting.
2016-06-08 05:57:37.425 [error] <0.11665.0>@ejabberd_sql:log:868 p1_mysql_conn: Connection closed, exiting.
2016-06-08 05:57:37.425 [error] <0.11658.0>@ejabberd_sql:log:868 p1_mysql_conn: Connection closed, exiting.
2016-06-08 05:57:37.425 [error] <0.11659.0>@ejabberd_sql:log:868 p1_mysql_conn: Connection closed, exiting.
2016-06-08 05:57:37.425 [error] <0.11666.0>@ejabberd_sql:log:868 p1_mysql_conn: Connection closed, exiting.
2016-06-08 05:57:37.425 [error] <0.11660.0>@ejabberd_sql:log:868 p1_mysql_conn: Connection closed, exiting.
2016-06-08 05:57:37.425 [error] <0.11662.0>@ejabberd_sql:log:868 p1_mysql_conn: Connection closed, exiting.
2016-06-08 21:17:05.485 [error] <0.412.0>@ejabberd_sql:log:868 p1_mysql_conn: Connection closed, exiting.
2016-06-08 21:17:05.485 [error] <0.413.0>@ejabberd_sql:log:868 p1_mysql_conn: Connection closed, exiting.
2016-06-08 21:17:05.486 [error] <0.427.0>@ejabberd_sql:log:868 p1_mysql_conn: Connection closed, exiting.
2016-06-08 21:17:05.486 [error] <0.415.0>@ejabberd_sql:log:868 p1_mysql_conn: Connection closed, exiting.
2016-06-08 21:17:05.486 [error] <0.428.0>@ejabberd_sql:log:868 p1_mysql_conn: Connection closed, exiting.
2016-06-08 21:17:05.486 [error] <0.417.0>@ejabberd_sql:log:868 p1_mysql_conn: Connection closed, exiting.
2016-06-08 21:17:05.486 [error] <0.430.0>@ejabberd_sql:log:868 p1_mysql_conn: Connection closed, exiting.
2016-06-08 21:17:05.486 [error] <0.418.0>@ejabberd_sql:log:868 p1_mysql_conn: Connection closed, exiting.
2016-06-08 21:17:05.487 [error] <0.420.0>@ejabberd_sql:log:868 p1_mysql_conn: Connection closed, exiting.
2016-06-08 21:17:05.487 [error] <0.422.0>@ejabberd_sql:log:868 p1_mysql_conn: Connection closed, exiting.
2016-06-08 21:17:05.487 [error] <0.423.0>@ejabberd_sql:log:868 p1_mysql_conn: Connection closed, exiting.
2016-06-08 21:17:05.487 [error] <0.424.0>@ejabberd_sql:log:868 p1_mysql_conn: Connection closed, exiting.
2016-06-08 21:17:05.487 [error] <0.425.0>@ejabberd_sql:log:868 p1_mysql_conn: Connection closed, exiting.
2016-06-08 21:17:05.487 [error] <0.426.0>@ejabberd_sql:log:868 p1_mysql_conn: Connection closed, exiting.
2016-06-08 21:17:05.586 [error] <0.429.0>@ejabberd_sql:log:868 p1_mysql_conn: Connection closed, exiting.
2016-06-08 21:17:07.282 [error] <0.421.0>@ejabberd_sql:log:868 p1_mysql_conn: Connection closed, exiting.
2016-06-08 21:17:25.298 [error] <0.411.0>@ejabberd_sql:log:868 p1_mysql_conn: Connection closed, exiting.
2016-06-08 21:17:25.298 [error] <0.419.0>@ejabberd_sql:log:868 p1_mysql_conn: Connection closed, exiting.
2016-06-08 21:17:27.217 [error] <0.414.0>@ejabberd_sql:log:868 p1_mysql_conn: Connection closed, exiting.
2016-06-08 21:17:27.217 [error] <0.416.0>@ejabberd_sql:log:868 p1_mysql_conn: Connection closed, exiting.
2016-06-09 05:17:05.588 [error] <0.958.0>@ejabberd_sql:log:868 p1_mysql_conn: Connection closed, exiting.
2016-06-09 05:17:05.589 [error] <0.960.0>@ejabberd_sql:log:868 p1_mysql_conn: Connection closed, exiting.
2016-06-09 05:17:05.589 [error] <0.961.0>@ejabberd_sql:log:868 p1_mysql_conn: Connection closed, exiting.
2016-06-09 05:17:05.589 [error] <0.962.0>@ejabberd_sql:log:868 p1_mysql_conn: Connection closed, exiting.
2016-06-09 05:17:05.589 [error] <0.964.0>@ejabberd_sql:log:868 p1_mysql_conn: Connection closed, exiting.
2016-06-09 05:17:05.589 [error] <0.967.0>@ejabberd_sql:log:868 p1_mysql_conn: Connection closed, exiting.
2016-06-09 05:17:05.589 [error] <0.965.0>@ejabberd_sql:log:868 p1_mysql_conn: Connection closed, exiting.
2016-06-09 05:17:05.589 [error] <0.972.0>@ejabberd_sql:log:868 p1_mysql_conn: Connection closed, exiting.
2016-06-09 05:17:05.589 [error] <0.974.0>@ejabberd_sql:log:868 p1_mysql_conn: Connection closed, exiting.
2016-06-09 05:17:05.622 [error] <0.976.0>@ejabberd_sql:log:868 p1_mysql_conn: Connection closed, exiting.
2016-06-09 05:17:05.622 [error] <0.977.0>@ejabberd_sql:log:868 p1_mysql_conn: Connection closed, exiting.
2016-06-09 05:17:05.623 [error] <0.978.0>@ejabberd_sql:log:868 p1_mysql_conn: Connection closed, exiting.
2016-06-09 05:17:05.623 [error] <0.982.0>@ejabberd_sql:log:868 p1_mysql_conn: Connection closed, exiting.
2016-06-09 05:17:05.623 [error] <0.980.0>@ejabberd_sql:log:868 p1_mysql_conn: Connection closed, exiting.
2016-06-09 05:17:05.624 [error] <0.986.0>@ejabberd_sql:log:868 p1_mysql_conn: Connection closed, exiting.
2016-06-09 05:17:07.305 [error] <0.988.0>@ejabberd_sql:log:868 p1_mysql_conn: Connection closed, exiting.
2016-06-09 05:17:25.318 [error] <0.992.0>@ejabberd_sql:log:868 p1_mysql_conn: Connection closed, exiting.
2016-06-09 05:17:25.318 [error] <0.990.0>@ejabberd_sql:log:868 p1_mysql_conn: Connection closed, exiting.
2016-06-09 06:32:51.892 [error] <0.1513.0>@ejabberd_sql:check_error:991 SQL query 'Q9525209' at {sql_queries,145} failed: <<"Unknown Host">>
2016-06-09 06:32:51.892 [error] <0.1513.0>@ejabberd_sql:check_error:991 SQL query 'Q9525209' at {sql_queries,145} failed: <<"Unknown Host">>
2016-06-09 06:32:51.893 [error] <0.1513.0>@ejabberd_auth:is_user_exists:316 The authentication module ejabberd_auth_sql returned an error
when checking user <<"lacie">> in server <<"hayhaytheapp.com">>
Error message: <<"Unknown Host">>
2016-06-09 06:33:39.660 [error] <0.1513.0>@ejabberd_sql:check_error:991 SQL query 'Q9525209' at {sql_queries,145} failed: <<"Unknown Host">>
2016-06-09 06:33:39.660 [error] <0.1513.0>@ejabberd_sql:check_error:991 SQL query 'Q9525209' at {sql_queries,145} failed: <<"Unknown Host">>
2016-06-09 06:33:39.660 [error] <0.1513.0>@ejabberd_auth:is_user_exists:316 The authentication module ejabberd_auth_sql returned an error
when checking user <<"lacie">> in server <<"hayhaytheapp.com">>
Error message: <<"Unknown Host">>
2016-06-09 06:41:41.631 [error] <0.550.0>@ejabberd_sql:check_error:991 SQL query 'Q9525209' at {sql_queries,145} failed: <<"Unknown Host">>
2016-06-09 06:41:41.631 [error] <0.550.0>@ejabberd_sql:check_error:991 SQL query 'Q9525209' at {sql_queries,145} failed: <<"Unknown Host">>
2016-06-09 06:41:41.631 [error] <0.550.0>@ejabberd_auth:is_user_exists:316 The authentication module ejabberd_auth_sql returned an error
when checking user <<"lacie">> in server <<"hayhaytheapp.com">>
Error message: <<"Unknown Host">>
2016-06-09 06:41:42.020 [error] <0.553.0>@ejabberd_sql:check_error:991 SQL query 'Q9525209' at {sql_queries,145} failed: <<"Unknown Host">>
2016-06-09 06:41:42.020 [error] <0.553.0>@ejabberd_sql:check_error:991 SQL query 'Q9525209' at {sql_queries,145} failed: <<"Unknown Host">>
2016-06-09 06:41:42.020 [error] <0.553.0>@ejabberd_auth:is_user_exists:316 The authentication module ejabberd_auth_sql returned an error
when checking user <<"lacie">> in server <<"hayhaytheapp.com">>
Error message: <<"Unknown Host">>
2016-06-09 06:44:17.079 [error] <0.550.0>@ejabberd_sql:check_error:991 SQL query 'Q9525209' at {sql_queries,145} failed: <<"Unknown Host">>
2016-06-09 06:47:40.285 [error] <0.550.0>@ejabberd_sql:check_error:991 SQL query 'Q9525209' at {sql_queries,145} failed: <<"Unknown Host">>
2016-06-09 06:51:42.965 [error] <0.550.0>@ejabberd_sql:check_error:991 SQL query 'Q9525209' at {sql_queries,145} failed: <<"Unknown Host">>
2016-06-09 06:51:58.150 [error] <0.550.0>@ejabberd_sql:check_error:991 SQL query 'Q9525209' at {sql_queries,145} failed: <<"Unknown Host">>
2016-06-09 07:50:56.139 [error] <0.698.0>@ejabberd_sql:check_error:991 SQL query 'Q9525209' at {sql_queries,145} failed: <<"Unknown Host">>
2016-06-09 16:11:52.319 [error] <0.412.0>@ejabberd_sql:log:868 p1_mysql_conn: Connection closed, exiting.
2016-06-09 16:11:52.319 [error] <0.413.0>@ejabberd_sql:log:868 p1_mysql_conn: Connection closed, exiting.
2016-06-09 16:11:52.319 [error] <0.414.0>@ejabberd_sql:log:868 p1_mysql_conn: Connection closed, exiting.
2016-06-09 16:11:52.319 [error] <0.427.0>@ejabberd_sql:log:868 p1_mysql_conn: Connection closed, exiting.
2016-06-09 16:11:52.319 [error] <0.415.0>@ejabberd_sql:log:868 p1_mysql_conn: Connection closed, exiting.
2016-06-09 16:11:52.319 [error] <0.428.0>@ejabberd_sql:log:868 p1_mysql_conn: Connection closed, exiting.
2016-06-09 16:11:52.319 [error] <0.416.0>@ejabberd_sql:log:868 p1_mysql_conn: Connection closed, exiting.
2016-06-09 16:11:52.319 [error] <0.417.0>@ejabberd_sql:log:868 p1_mysql_conn: Connection closed, exiting.
2016-06-09 16:11:52.350 [error] <0.430.0>@ejabberd_sql:log:868 p1_mysql_conn: Connection closed, exiting.
2016-06-09 16:11:52.350 [error] <0.418.0>@ejabberd_sql:log:868 p1_mysql_conn: Connection closed, exiting.
2016-06-09 16:11:52.350 [error] <0.420.0>@ejabberd_sql:log:868 p1_mysql_conn: Connection closed, exiting.
2016-06-09 16:11:52.350 [error] <0.422.0>@ejabberd_sql:log:868 p1_mysql_conn: Connection closed, exiting.
2016-06-09 16:11:52.350 [error] <0.423.0>@ejabberd_sql:log:868 p1_mysql_conn: Connection closed, exiting.
2016-06-09 16:11:52.350 [error] <0.424.0>@ejabberd_sql:log:868 p1_mysql_conn: Connection closed, exiting.
2016-06-09 16:11:52.350 [error] <0.425.0>@ejabberd_sql:log:868 p1_mysql_conn: Connection closed, exiting.
2016-06-09 16:11:52.350 [error] <0.426.0>@ejabberd_sql:log:868 p1_mysql_conn: Connection closed, exiting.
2016-06-09 16:11:52.407 [error] <0.429.0>@ejabberd_sql:log:868 p1_mysql_conn: Connection closed, exiting.
2016-06-09 16:11:52.407 [error] <0.421.0>@ejabberd_sql:log:868 p1_mysql_conn: Connection closed, exiting.
2016-06-09 16:13:00.583 [error] <0.411.0>@ejabberd_sql:log:868 p1_mysql_conn: Connection closed, exiting.
2016-06-09 16:13:00.583 [error] <0.419.0>@ejabberd_sql:log:868 p1_mysql_conn: Connection closed, exiting.
2016-06-10 00:11:52.413 [error] <0.976.0>@ejabberd_sql:log:868 p1_mysql_conn: Connection closed, exiting.
2016-06-10 00:11:52.413 [error] <0.978.0>@ejabberd_sql:log:868 p1_mysql_conn: Connection closed, exiting.
2016-06-10 00:11:52.413 [error] <0.979.0>@ejabberd_sql:log:868 p1_mysql_conn: Connection closed, exiting.
2016-06-10 00:11:52.413 [error] <0.980.0>@ejabberd_sql:log:868 p1_mysql_conn: Connection closed, exiting.
2016-06-10 00:11:52.413 [error] <0.982.0>@ejabberd_sql:log:868 p1_mysql_conn: Connection closed, exiting.
2016-06-10 00:11:52.413 [error] <0.985.0>@ejabberd_sql:log:868 p1_mysql_conn: Connection closed, exiting.
2016-06-10 00:11:52.413 [error] <0.986.0>@ejabberd_sql:log:868 p1_mysql_conn: Connection closed, exiting.
2016-06-10 00:11:52.413 [error] <0.983.0>@ejabberd_sql:log:868 p1_mysql_conn: Connection closed, exiting.
2016-06-10 00:11:52.413 [error] <0.992.0>@ejabberd_sql:log:868 p1_mysql_conn: Connection closed, exiting.
2016-06-10 00:11:52.448 [error] <0.994.0>@ejabberd_sql:log:868 p1_mysql_conn: Connection closed, exiting.
2016-06-10 00:11:52.449 [error] <0.996.0>@ejabberd_sql:log:868 p1_mysql_conn: Connection closed, exiting.
2016-06-10 00:11:52.449 [error] <0.998.0>@ejabberd_sql:log:868 p1_mysql_conn: Connection closed, exiting.
2016-06-10 00:11:52.449 [error] <0.1000.0>@ejabberd_sql:log:868 p1_mysql_conn: Connection closed, exiting.
2016-06-10 00:11:52.449 [error] <0.1002.0>@ejabberd_sql:log:868 p1_mysql_conn: Connection closed, exiting.
2016-06-10 00:11:52.449 [error] <0.1004.0>@ejabberd_sql:log:868 p1_mysql_conn: Connection closed, exiting.
2016-06-10 00:11:52.449 [error] <0.1006.0>@ejabberd_sql:log:868 p1_mysql_conn: Connection closed, exiting.
2016-06-10 00:11:52.449 [error] <0.1008.0>@ejabberd_sql:log:868 p1_mysql_conn: Connection closed, exiting.
2016-06-10 00:11:52.449 [error] <0.1010.0>@ejabberd_sql:log:868 p1_mysql_conn: Connection closed, exiting.
2016-06-10 00:13:00.680 [error] <0.1012.0>@ejabberd_sql:log:868 p1_mysql_conn: Connection closed, exiting.
2016-06-10 00:13:00.680 [error] <0.1014.0>@ejabberd_sql:log:868 p1_mysql_conn: Connection closed, exiting.
2016-06-10 08:11:52.539 [error] <0.1418.0>@ejabberd_sql:log:868 p1_mysql_conn: Connection closed, exiting.
2016-06-10 08:11:52.540 [error] <0.1420.0>@ejabberd_sql:log:868 p1_mysql_conn: Connection closed, exiting.
2016-06-10 08:11:52.540 [error] <0.1421.0>@ejabberd_sql:log:868 p1_mysql_conn: Connection closed, exiting.
2016-06-10 08:11:52.540 [error] <0.1422.0>@ejabberd_sql:log:868 p1_mysql_conn: Connection closed, exiting.
2016-06-10 08:11:52.540 [error] <0.1424.0>@ejabberd_sql:log:868 p1_mysql_conn: Connection closed, exiting.
2016-06-10 08:11:52.540 [error] <0.1428.0>@ejabberd_sql:log:868 p1_mysql_conn: Connection closed, exiting.
2016-06-10 08:11:52.540 [error] <0.1429.0>@ejabberd_sql:log:868 p1_mysql_conn: Connection closed, exiting.
2016-06-10 08:11:52.540 [error] <0.1425.0>@ejabberd_sql:log:868 p1_mysql_conn: Connection closed, exiting.
2016-06-10 08:11:52.584 [error] <0.1427.0>@ejabberd_sql:log:868 p1_mysql_conn: Connection closed, exiting.
2016-06-10 08:11:52.584 [error] <0.1436.0>@ejabberd_sql:log:868 p1_mysql_conn: Connection closed, exiting.
2016-06-10 08:11:52.584 [error] <0.1438.0>@ejabberd_sql:log:868 p1_mysql_conn: Connection closed, exiting.
2016-06-10 08:11:52.585 [error] <0.1440.0>@ejabberd_sql:log:868 p1_mysql_conn: Connection closed, exiting.
2016-06-10 08:11:52.585 [error] <0.1442.0>@ejabberd_sql:log:868 p1_mysql_conn: Connection closed, exiting.
2016-06-10 08:11:52.585 [error] <0.1444.0>@ejabberd_sql:log:868 p1_mysql_conn: Connection closed, exiting.
2016-06-10 08:11:52.618 [error] <0.1446.0>@ejabberd_sql:log:868 p1_mysql_conn: Connection closed, exiting.
2016-06-10 08:11:52.618 [error] <0.1448.0>@ejabberd_sql:log:868 p1_mysql_conn: Connection closed, exiting.
2016-06-10 08:11:52.618 [error] <0.1450.0>@ejabberd_sql:log:868 p1_mysql_conn: Connection closed, exiting.
2016-06-10 08:11:52.619 [error] <0.1452.0>@ejabberd_sql:log:868 p1_mysql_conn: Connection closed, exiting.
2016-06-10 08:13:00.748 [error] <0.1454.0>@ejabberd_sql:log:868 p1_mysql_conn: Connection closed, exiting.
2016-06-10 08:13:00.748 [error] <0.1456.0>@ejabberd_sql:log:868 p1_mysql_conn: Connection closed, exiting.
2016-06-10 16:11:52.615 [error] <0.1858.0>@ejabberd_sql:log:868 p1_mysql_conn: Connection closed, exiting.
2016-06-10 16:11:52.662 [error] <0.1874.0>@ejabberd_sql:log:868 p1_mysql_conn: Connection closed, exiting.
2016-06-10 16:11:52.663 [error] <0.1876.0>@ejabberd_sql:log:868 p1_mysql_conn: Connection closed, exiting.
2016-06-10 16:11:52.663 [error] <0.1860.0>@ejabberd_sql:log:868 p1_mysql_conn: Connection closed, exiting.
2016-06-10 16:11:52.663 [error] <0.1880.0>@ejabberd_sql:log:868 p1_mysql_conn: Connection closed, exiting.
2016-06-10 16:11:52.663 [error] <0.1861.0>@ejabberd_sql:log:868 p1_mysql_conn: Connection closed, exiting.
2016-06-10 16:11:52.663 [error] <0.1882.0>@ejabberd_sql:log:868 p1_mysql_conn: Connection closed, exiting.
2016-06-10 16:11:52.663 [error] <0.1878.0>@ejabberd_sql:log:868 p1_mysql_conn: Connection closed, exiting.
2016-06-10 16:11:52.664 [error] <0.1862.0>@ejabberd_sql:log:868 p1_mysql_conn: Connection closed, exiting.
2016-06-10 16:11:52.664 [error] <0.1864.0>@ejabberd_sql:log:868 p1_mysql_conn: Connection closed, exiting.
2016-06-10 16:11:52.664 [error] <0.1865.0>@ejabberd_sql:log:868 p1_mysql_conn: Connection closed, exiting.
2016-06-10 16:11:52.664 [error] <0.1884.0>@ejabberd_sql:log:868 p1_mysql_conn: Connection closed, exiting.
2016-06-10 16:11:52.664 [error] <0.1867.0>@ejabberd_sql:log:868 p1_mysql_conn: Connection closed, exiting.
2016-06-10 16:11:52.664 [error] <0.1868.0>@ejabberd_sql:log:868 p1_mysql_conn: Connection closed, exiting.
2016-06-10 16:11:52.664 [error] <0.1886.0>@ejabberd_sql:log:868 p1_mysql_conn: Connection closed, exiting.
2016-06-10 16:11:52.664 [error] <0.1888.0>@ejabberd_sql:log:868 p1_mysql_conn: Connection closed, exiting.
2016-06-10 16:11:52.664 [error] <0.1890.0>@ejabberd_sql:log:868 p1_mysql_conn: Connection closed, exiting.
2016-06-10 16:11:52.664 [error] <0.1892.0>@ejabberd_sql:log:868 p1_mysql_conn: Connection closed, exiting.
2016-06-10 16:13:00.819 [error] <0.1898.0>@ejabberd_sql:log:868 p1_mysql_conn: Connection closed, exiting.
2016-06-10 16:13:00.819 [error] <0.1900.0>@ejabberd_sql:log:868 p1_mysql_conn: Connection closed, exiting.
2016-06-11 00:11:52.641 [error] <0.3268.0>@ejabberd_sql:log:868 p1_mysql_conn: Connection closed, exiting.
2016-06-11 00:11:52.747 [error] <0.3270.0>@ejabberd_sql:log:868 p1_mysql_conn: Connection closed, exiting.
2016-06-11 00:11:52.829 [error] <0.3272.0>@ejabberd_sql:log:868 p1_mysql_conn: Connection closed, exiting.
2016-06-11 00:11:52.829 [error] <0.3277.0>@ejabberd_sql:log:868 p1_mysql_conn: Connection closed, exiting.
2016-06-11 00:11:52.829 [error] <0.3279.0>@ejabberd_sql:log:868 p1_mysql_conn: Connection closed, exiting.
2016-06-11 00:11:52.830 [error] <0.3276.0>@ejabberd_sql:log:868 p1_mysql_conn: Connection closed, exiting.
2016-06-11 00:11:52.830 [error] <0.3273.0>@ejabberd_sql:log:868 p1_mysql_conn: Connection closed, exiting.
2016-06-11 00:11:52.830 [error] <0.3274.0>@ejabberd_sql:log:868 p1_mysql_conn: Connection closed, exiting.
2016-06-11 00:11:52.830 [error] <0.3281.0>@ejabberd_sql:log:868 p1_mysql_conn: Connection closed, exiting.
2016-06-11 00:11:52.830 [error] <0.3283.0>@ejabberd_sql:log:868 p1_mysql_conn: Connection closed, exiting.
2016-06-11 00:11:52.830 [error] <0.3284.0>@ejabberd_sql:log:868 p1_mysql_conn: Connection closed, exiting.
2016-06-11 00:11:52.830 [error] <0.3286.0>@ejabberd_sql:log:868 p1_mysql_conn: Connection closed, exiting.
2016-06-11 00:11:52.830 [error] <0.3288.0>@ejabberd_sql:log:868 p1_mysql_conn: Connection closed, exiting.
2016-06-11 00:11:52.830 [error] <0.3289.0>@ejabberd_sql:log:868 p1_mysql_conn: Connection closed, exiting.
2016-06-11 00:11:52.830 [error] <0.3291.0>@ejabberd_sql:log:868 p1_mysql_conn: Connection closed, exiting.
2016-06-11 00:11:52.831 [error] <0.3293.0>@ejabberd_sql:log:868 p1_mysql_conn: Connection closed, exiting.
2016-06-11 00:11:52.831 [error] <0.3294.0>@ejabberd_sql:log:868 p1_mysql_conn: Connection closed, exiting.
2016-06-11 00:11:52.831 [error] <0.3280.0>@ejabberd_sql:log:868 p1_mysql_conn: Connection closed, exiting.
2016-06-11 00:13:00.911 [error] <0.3310.0>@ejabberd_sql:log:868 p1_mysql_conn: Connection closed, exiting.
2016-06-11 00:13:00.911 [error] <0.3308.0>@ejabberd_sql:log:868 p1_mysql_conn: Connection closed, exiting.
2016-06-11 13:43:33.949 [error] <0.421.0>@ejabberd_sql:log:868 p1_mysql_conn: Connection closed, exiting.
2016-06-11 13:43:33.949 [error] <0.433.0>@ejabberd_sql:log:868 p1_mysql_conn: Connection closed, exiting.
2016-06-11 13:43:33.949 [error] <0.434.0>@ejabberd_sql:log:868 p1_mysql_conn: Connection closed, exiting.
2016-06-11 13:43:33.949 [error] <0.435.0>@ejabberd_sql:log:868 p1_mysql_conn: Connection closed, exiting.
2016-06-11 13:43:33.949 [error] <0.426.0>@ejabberd_sql:log:868 p1_mysql_conn: Connection closed, exiting.
2016-06-11 13:43:33.949 [error] <0.436.0>@ejabberd_sql:log:868 p1_mysql_conn: Connection closed, exiting.
2016-06-11 13:43:33.949 [error] <0.438.0>@ejabberd_sql:log:868 p1_mysql_conn: Connection closed, exiting.
2016-06-11 13:43:33.949 [error] <0.430.0>@ejabberd_sql:log:868 p1_mysql_conn: Connection closed, exiting.
2016-06-11 13:43:34.002 [error] <0.431.0>@ejabberd_sql:log:868 p1_mysql_conn: Connection closed, exiting.
2016-06-11 13:43:34.002 [error] <0.437.0>@ejabberd_sql:log:868 p1_mysql_conn: Connection closed, exiting.
2016-06-11 13:43:34.003 [error] <0.429.0>@ejabberd_sql:log:868 p1_mysql_conn: Connection closed, exiting.
2016-06-11 13:44:00.585 [error] <0.419.0>@ejabberd_sql:log:868 p1_mysql_conn: Connection closed, exiting.
2016-06-11 13:45:54.794 [error] <0.432.0>@ejabberd_sql:log:868 p1_mysql_conn: Connection closed, exiting.
2016-06-11 14:27:07.460 [error] <0.424.0>@ejabberd_sql:log:868 p1_mysql_conn: Connection closed, exiting.
2016-06-11 14:27:29.586 [error] <0.422.0>@ejabberd_sql:log:868 p1_mysql_conn: Connection closed, exiting.
2016-06-11 17:02:48.135 [error] <0.427.0>@ejabberd_sql:log:868 p1_mysql_conn: Connection closed, exiting.
2016-06-11 17:02:48.135 [error] <0.425.0>@ejabberd_sql:log:868 p1_mysql_conn: Connection closed, exiting.
2016-06-11 17:02:48.178 [error] <0.423.0>@ejabberd_sql:log:868 p1_mysql_conn: Connection closed, exiting.
2016-06-11 17:13:37.783 [error] <0.428.0>@ejabberd_sql:log:868 p1_mysql_conn: Connection closed, exiting.
2016-06-11 17:23:07.149 [error] <0.420.0>@ejabberd_sql:log:868 p1_mysql_conn: Connection closed, exiting.
2016-06-11 21:43:34.090 [error] <0.1012.0>@ejabberd_sql:log:868 p1_mysql_conn: Connection closed, exiting.
2016-06-11 21:43:34.090 [error] <0.1015.0>@ejabberd_sql:log:868 p1_mysql_conn: Connection closed, exiting.
2016-06-11 21:43:34.090 [error] <0.1014.0>@ejabberd_sql:log:868 p1_mysql_conn: Connection closed, exiting.
2016-06-11 21:43:34.090 [error] <0.1016.0>@ejabberd_sql:log:868 p1_mysql_conn: Connection closed, exiting.
2016-06-11 21:43:34.090 [error] <0.1028.0>@ejabberd_sql:log:868 p1_mysql_conn: Connection closed, exiting.
2016-06-11 21:43:34.090 [error] <0.1030.0>@ejabberd_sql:log:868 p1_mysql_conn: Connection closed, exiting.
2016-06-11 21:43:34.090 [error] <0.1018.0>@ejabberd_sql:log:868 p1_mysql_conn: Connection closed, exiting.
2016-06-11 21:43:34.090 [error] <0.1032.0>@ejabberd_sql:log:868 p1_mysql_conn: Connection closed, exiting.
2016-06-11 21:43:34.090 [error] <0.1019.0>@ejabberd_sql:log:868 p1_mysql_conn: Connection closed, exiting.
2016-06-11 21:43:34.124 [error] <0.1022.0>@ejabberd_sql:log:868 p1_mysql_conn: Connection closed, exiting.
2016-06-11 21:43:34.124 [error] <0.1021.0>@ejabberd_sql:log:868 p1_mysql_conn: Connection closed, exiting.
2016-06-11 21:44:00.685 [error] <0.1034.0>@ejabberd_sql:log:868 p1_mysql_conn: Connection closed, exiting.
2016-06-11 21:45:54.901 [error] <0.1037.0>@ejabberd_sql:log:868 p1_mysql_conn: Connection closed, exiting.
2016-06-11 22:27:07.555 [error] <0.1073.0>@ejabberd_sql:log:868 p1_mysql_conn: Connection closed, exiting.
2016-06-11 22:27:29.663 [error] <0.1075.0>@ejabberd_sql:log:868 p1_mysql_conn: Connection closed, exiting.
2016-06-12 01:02:48.143 [error] <0.1207.0>@ejabberd_sql:log:868 p1_mysql_conn: Connection closed, exiting.
2016-06-12 01:02:48.143 [error] <0.1209.0>@ejabberd_sql:log:868 p1_mysql_conn: Connection closed, exiting.
2016-06-12 01:02:48.186 [error] <0.1211.0>@ejabberd_sql:log:868 p1_mysql_conn: Connection closed, exiting.
2016-06-12 01:13:37.790 [error] <0.1223.0>@ejabberd_sql:log:868 p1_mysql_conn: Connection closed, exiting.
2016-06-12 01:23:07.180 [error] <0.1232.0>@ejabberd_sql:log:868 p1_mysql_conn: Connection closed, exiting.
2016-06-12 05:43:34.175 [error] <0.1452.0>@ejabberd_sql:log:868 p1_mysql_conn: Connection closed, exiting.
2016-06-12 05:43:34.175 [error] <0.1454.0>@ejabberd_sql:log:868 p1_mysql_conn: Connection closed, exiting.
2016-06-12 05:43:34.175 [error] <0.1455.0>@ejabberd_sql:log:868 p1_mysql_conn: Connection closed, exiting.
2016-06-12 05:43:34.175 [error] <0.1456.0>@ejabberd_sql:log:868 p1_mysql_conn: Connection closed, exiting.
2016-06-12 05:43:34.176 [error] <0.1470.0>@ejabberd_sql:log:868 p1_mysql_conn: Connection closed, exiting.
2016-06-12 05:43:34.176 [error] <0.1458.0>@ejabberd_sql:log:868 p1_mysql_conn: Connection closed, exiting.
2016-06-12 05:43:34.176 [error] <0.1472.0>@ejabberd_sql:log:868 p1_mysql_conn: Connection closed, exiting.
2016-06-12 05:43:34.176 [error] <0.1459.0>@ejabberd_sql:log:868 p1_mysql_conn: Connection closed, exiting.
2016-06-12 05:43:34.176 [error] <0.1461.0>@ejabberd_sql:log:868 p1_mysql_conn: Connection closed, exiting.
2016-06-12 05:43:34.211 [error] <0.1463.0>@ejabberd_sql:log:868 p1_mysql_conn: Connection closed, exiting.
2016-06-12 05:43:34.211 [error] <0.1462.0>@ejabberd_sql:log:868 p1_mysql_conn: Connection closed, exiting.
2016-06-12 05:44:00.751 [error] <0.1474.0>@ejabberd_sql:log:868 p1_mysql_conn: Connection closed, exiting.
2016-06-12 05:45:54.949 [error] <0.1477.0>@ejabberd_sql:log:868 p1_mysql_conn: Connection closed, exiting.
2016-06-12 06:27:07.651 [error] <0.1513.0>@ejabberd_sql:log:868 p1_mysql_conn: Connection closed, exiting.
2016-06-12 06:27:29.710 [error] <0.1515.0>@ejabberd_sql:log:868 p1_mysql_conn: Connection closed, exiting.
2016-06-12 09:02:48.212 [error] <0.1647.0>@ejabberd_sql:log:868 p1_mysql_conn: Connection closed, exiting.
2016-06-12 09:02:48.214 [error] <0.1649.0>@ejabberd_sql:log:868 p1_mysql_conn: Connection closed, exiting.
2016-06-12 09:02:48.214 [error] <0.1651.0>@ejabberd_sql:log:868 p1_mysql_conn: Connection closed, exiting.
2016-06-12 09:13:37.836 [error] <0.1663.0>@ejabberd_sql:log:868 p1_mysql_conn: Connection closed, exiting.
2016-06-12 09:23:07.276 [error] <0.1672.0>@ejabberd_sql:log:868 p1_mysql_conn: Connection closed, exiting.
2016-06-12 13:43:34.282 [error] <0.1892.0>@ejabberd_sql:log:868 p1_mysql_conn: Connection closed, exiting.
2016-06-12 13:43:34.283 [error] <0.1894.0>@ejabberd_sql:log:868 p1_mysql_conn: Connection closed, exiting.
2016-06-12 13:43:34.283 [error] <0.1895.0>@ejabberd_sql:log:868 p1_mysql_conn: Connection closed, exiting.
2016-06-12 13:43:34.283 [error] <0.1896.0>@ejabberd_sql:log:868 p1_mysql_conn: Connection closed, exiting.
2016-06-12 13:43:34.283 [error] <0.1910.0>@ejabberd_sql:log:868 p1_mysql_conn: Connection closed, exiting.
2016-06-12 13:43:34.283 [error] <0.1898.0>@ejabberd_sql:log:868 p1_mysql_conn: Connection closed, exiting.
2016-06-12 13:43:34.283 [error] <0.1912.0>@ejabberd_sql:log:868 p1_mysql_conn: Connection closed, exiting.
2016-06-12 13:43:34.283 [error] <0.1899.0>@ejabberd_sql:log:868 p1_mysql_conn: Connection closed, exiting.
2016-06-12 13:43:34.283 [error] <0.1901.0>@ejabberd_sql:log:868 p1_mysql_conn: Connection closed, exiting.
2016-06-12 13:43:34.283 [error] <0.1903.0>@ejabberd_sql:log:868 p1_mysql_conn: Connection closed, exiting.
2016-06-12 13:43:34.283 [error] <0.1902.0>@ejabberd_sql:log:868 p1_mysql_conn: Connection closed, exiting.
2016-06-12 13:44:00.805 [error] <0.1916.0>@ejabberd_sql:log:868 p1_mysql_conn: Connection closed, exiting.
2016-06-12 13:45:55.037 [error] <0.1923.0>@ejabberd_sql:log:868 p1_mysql_conn: Connection closed, exiting.
2016-06-12 14:27:07.738 [error] <0.2041.0>@ejabberd_sql:log:868 p1_mysql_conn: Connection closed, exiting.
2016-06-12 14:27:29.782 [error] <0.2043.0>@ejabberd_sql:log:868 p1_mysql_conn: Connection closed, exiting.
2016-06-12 21:43:34.335 [error] <0.3336.0>@ejabberd_sql:log:868 p1_mysql_conn: Connection closed, exiting.
2016-06-12 21:43:34.336 [error] <0.3338.0>@ejabberd_sql:log:868 p1_mysql_conn: Connection closed, exiting.
2016-06-12 21:43:34.336 [error] <0.3334.0>@ejabberd_sql:log:868 p1_mysql_conn: Connection closed, exiting.
2016-06-12 21:43:34.336 [error] <0.3335.0>@ejabberd_sql:log:868 p1_mysql_conn: Connection closed, exiting.
2016-06-12 21:43:34.336 [error] <0.3339.0>@ejabberd_sql:log:868 p1_mysql_conn: Connection closed, exiting.
2016-06-12 21:43:34.336 [error] <0.3352.0>@ejabberd_sql:log:868 p1_mysql_conn: Connection closed, exiting.
2016-06-12 21:43:34.336 [error] <0.3342.0>@ejabberd_sql:log:868 p1_mysql_conn: Connection closed, exiting.
2016-06-12 21:43:34.336 [error] <0.3341.0>@ejabberd_sql:log:868 p1_mysql_conn: Connection closed, exiting.
2016-06-12 21:43:34.336 [error] <0.3343.0>@ejabberd_sql:log:868 p1_mysql_conn: Connection closed, exiting.
2016-06-12 21:45:55.085 [error] <0.3363.0>@ejabberd_sql:log:868 p1_mysql_conn: Connection closed, exiting.
2016-06-12 22:14:15.127 [error] <0.2552.0>@ejabberd_sql:log:868 p1_mysql_conn: Connection closed, exiting.
2016-06-12 22:41:51.977 [error] <0.2490.0>@ejabberd_sql:log:868 p1_mysql_conn: Connection closed, exiting.
2016-06-12 22:47:28.898 [error] <0.2525.0>@ejabberd_sql:log:868 p1_mysql_conn: Connection closed, exiting.
2016-06-12 22:56:30.455 [error] <0.3332.0>@ejabberd_sql:log:868 p1_mysql_conn: Connection closed, exiting.
2016-06-12 23:00:01.129 [error] <0.3350.0>@ejabberd_sql:log:868 p1_mysql_conn: Connection closed, exiting.
2016-06-12 23:32:15.171 [error] <0.3499.0>@ejabberd_sql:log:868 p1_mysql_conn: Connection closed, exiting.
2016-06-12 23:32:15.171 [error] <0.3501.0>@ejabberd_sql:log:868 p1_mysql_conn: Connection closed, exiting.
2016-06-12 23:46:48.212 [error] <0.3356.0>@ejabberd_sql:log:868 p1_mysql_conn: Connection closed, exiting.
2016-06-12 23:46:51.217 [error] <0.2487.0>@ejabberd_sql:log:868 p1_mysql_conn: Connection closed, exiting.
2016-06-12 23:46:51.218 [error] <0.2489.0>@ejabberd_sql:log:868 p1_mysql_conn: Connection closed, exiting.
2016-06-13 05:43:34.426 [error] <0.4850.0>@ejabberd_sql:log:868 p1_mysql_conn: Connection closed, exiting.
2016-06-13 05:43:34.426 [error] <0.4852.0>@ejabberd_sql:log:868 p1_mysql_conn: Connection closed, exiting.
2016-06-13 05:43:34.426 [error] <0.4853.0>@ejabberd_sql:log:868 p1_mysql_conn: Connection closed, exiting.
2016-06-13 05:43:34.426 [error] <0.4856.0>@ejabberd_sql:log:868 p1_mysql_conn: Connection closed, exiting.
2016-06-13 05:43:34.426 [error] <0.4854.0>@ejabberd_sql:log:868 p1_mysql_conn: Connection closed, exiting.
2016-06-13 05:43:34.426 [error] <0.4857.0>@ejabberd_sql:log:868 p1_mysql_conn: Connection closed, exiting.
2016-06-13 05:43:34.426 [error] <0.4859.0>@ejabberd_sql:log:868 p1_mysql_conn: Connection closed, exiting.
2016-06-13 05:43:34.426 [error] <0.4861.0>@ejabberd_sql:log:868 p1_mysql_conn: Connection closed, exiting.
2016-06-13 05:43:34.427 [error] <0.4860.0>@ejabberd_sql:log:868 p1_mysql_conn: Connection closed, exiting.
2016-06-13 05:45:55.132 [error] <0.4875.0>@ejabberd_sql:log:868 p1_mysql_conn: Connection closed, exiting.
2016-06-13 06:14:15.233 [error] <0.4957.0>@ejabberd_sql:log:868 p1_mysql_conn: Connection closed, exiting.
2016-06-13 06:41:52.081 [error] <0.5038.0>@ejabberd_sql:log:868 p1_mysql_conn: Connection closed, exiting.
2016-06-13 06:47:28.919 [error] <0.5054.0>@ejabberd_sql:log:868 p1_mysql_conn: Connection closed, exiting.
2016-06-13 06:56:30.510 [error] <0.5082.0>@ejabberd_sql:log:868 p1_mysql_conn: Connection closed, exiting.
2016-06-13 07:00:01.141 [error] <0.5095.0>@ejabberd_sql:log:868 p1_mysql_conn: Connection closed, exiting.
2016-06-13 07:32:15.239 [error] <0.5188.0>@ejabberd_sql:log:868 p1_mysql_conn: Connection closed, exiting.
2016-06-13 07:46:48.305 [error] <0.5234.0>@ejabberd_sql:log:868 p1_mysql_conn: Connection closed, exiting.
2016-06-13 13:43:34.471 [error] <0.6252.0>@ejabberd_sql:log:868 p1_mysql_conn: Connection closed, exiting.
2016-06-13 13:43:34.471 [error] <0.6254.0>@ejabberd_sql:log:868 p1_mysql_conn: Connection closed, exiting.
2016-06-13 13:43:34.472 [error] <0.6255.0>@ejabberd_sql:log:868 p1_mysql_conn: Connection closed, exiting.
2016-06-13 13:43:34.472 [error] <0.6258.0>@ejabberd_sql:log:868 p1_mysql_conn: Connection closed, exiting.
2016-06-13 13:43:34.472 [error] <0.6256.0>@ejabberd_sql:log:868 p1_mysql_conn: Connection closed, exiting.
2016-06-13 13:43:34.472 [error] <0.6259.0>@ejabberd_sql:log:868 p1_mysql_conn: Connection closed, exiting.
2016-06-13 13:43:34.472 [error] <0.6261.0>@ejabberd_sql:log:868 p1_mysql_conn: Connection closed, exiting.
2016-06-13 13:43:34.472 [error] <0.6263.0>@ejabberd_sql:log:868 p1_mysql_conn: Connection closed, exiting.
2016-06-13 13:43:34.544 [error] <0.6262.0>@ejabberd_sql:log:868 p1_mysql_conn: Connection closed, exiting.
2016-06-13 13:45:55.222 [error] <0.6280.0>@ejabberd_sql:log:868 p1_mysql_conn: Connection closed, exiting.
2016-06-13 14:41:52.184 [error] <0.6443.0>@ejabberd_sql:log:868 p1_mysql_conn: Connection closed, exiting.
2016-06-13 14:47:28.938 [error] <0.6459.0>@ejabberd_sql:log:868 p1_mysql_conn: Connection closed, exiting.
2016-06-13 14:56:30.591 [error] <0.6487.0>@ejabberd_sql:log:868 p1_mysql_conn: Connection closed, exiting.
2016-06-13 15:00:01.155 [error] <0.6500.0>@ejabberd_sql:log:868 p1_mysql_conn: Connection closed, exiting.
2016-06-13 15:04:39.102 [error] <0.5236.0>@ejabberd_sql:log:868 p1_mysql_conn: Connection closed, exiting.
2016-06-13 15:04:39.102 [error] <0.5238.0>@ejabberd_sql:log:868 p1_mysql_conn: Connection closed, exiting.
2016-06-13 15:09:50.065 [error] <0.6362.0>@ejabberd_sql:log:868 p1_mysql_conn: Connection closed, exiting.
2016-06-13 15:09:50.065 [error] <0.5190.0>@ejabberd_sql:log:868 p1_mysql_conn: Connection closed, exiting.
2016-06-13 15:32:15.282 [error] <0.6603.0>@ejabberd_sql:log:868 p1_mysql_conn: Connection closed, exiting.
2016-06-13 15:46:48.312 [error] <0.6647.0>@ejabberd_sql:log:868 p1_mysql_conn: Connection closed, exiting.
2016-06-13 21:43:34.614 [error] <0.7659.0>@ejabberd_sql:log:868 p1_mysql_conn: Connection closed, exiting.
2016-06-13 21:43:34.614 [error] <0.7661.0>@ejabberd_sql:log:868 p1_mysql_conn: Connection closed, exiting.
2016-06-13 21:43:34.614 [error] <0.7662.0>@ejabberd_sql:log:868 p1_mysql_conn: Connection closed, exiting.
2016-06-13 21:43:34.614 [error] <0.7663.0>@ejabberd_sql:log:868 p1_mysql_conn: Connection closed, exiting.
2016-06-13 21:43:34.615 [error] <0.7665.0>@ejabberd_sql:log:868 p1_mysql_conn: Connection closed, exiting.
2016-06-13 21:43:34.615 [error] <0.7666.0>@ejabberd_sql:log:868 p1_mysql_conn: Connection closed, exiting.
2016-06-13 21:43:34.615 [error] <0.7668.0>@ejabberd_sql:log:868 p1_mysql_conn: Connection closed, exiting.
2016-06-13 21:43:34.615 [error] <0.7669.0>@ejabberd_sql:log:868 p1_mysql_conn: Connection closed, exiting.
2016-06-13 21:43:34.615 [error] <0.7675.0>@ejabberd_sql:log:868 p1_mysql_conn: Connection closed, exiting.
2016-06-13 21:45:55.259 [error] <0.7684.0>@ejabberd_sql:log:868 p1_mysql_conn: Connection closed, exiting.
2016-06-13 22:41:52.195 [error] <0.7845.0>@ejabberd_sql:log:868 p1_mysql_conn: Connection closed, exiting.
2016-06-13 22:47:29.024 [error] <0.7861.0>@ejabberd_sql:log:868 p1_mysql_conn: Connection closed, exiting.
2016-06-13 22:56:30.646 [error] <0.7889.0>@ejabberd_sql:log:868 p1_mysql_conn: Connection closed, exiting.
2016-06-13 23:00:01.252 [error] <0.7902.0>@ejabberd_sql:log:868 p1_mysql_conn: Connection closed, exiting.
2016-06-13 23:04:39.109 [error] <0.7918.0>@ejabberd_sql:log:868 p1_mysql_conn: Connection closed, exiting.
2016-06-13 23:04:39.109 [error] <0.7916.0>@ejabberd_sql:log:868 p1_mysql_conn: Connection closed, exiting.
2016-06-13 23:09:50.117 [error] <0.7936.0>@ejabberd_sql:log:868 p1_mysql_conn: Connection closed, exiting.
2016-06-13 23:09:51.135 [error] <0.7938.0>@ejabberd_sql:log:868 p1_mysql_conn: Connection closed, exiting.
2016-06-13 23:32:15.362 [error] <0.8003.0>@ejabberd_sql:log:868 p1_mysql_conn: Connection closed, exiting.
2016-06-13 23:46:48.323 [error] <0.8047.0>@ejabberd_sql:log:868 p1_mysql_conn: Connection closed, exiting.
2016-06-14 05:43:34.703 [error] <0.9059.0>@ejabberd_sql:log:868 p1_mysql_conn: Connection closed, exiting.
2016-06-14 05:43:34.703 [error] <0.9061.0>@ejabberd_sql:log:868 p1_mysql_conn: Connection closed, exiting.
2016-06-14 05:43:34.703 [error] <0.9062.0>@ejabberd_sql:log:868 p1_mysql_conn: Connection closed, exiting.
2016-06-14 05:43:34.703 [error] <0.9065.0>@ejabberd_sql:log:868 p1_mysql_conn: Connection closed, exiting.
2016-06-14 05:43:34.703 [error] <0.9063.0>@ejabberd_sql:log:868 p1_mysql_conn: Connection closed, exiting.
2016-06-14 05:43:34.703 [error] <0.9066.0>@ejabberd_sql:log:868 p1_mysql_conn: Connection closed, exiting.
2016-06-14 05:43:34.703 [error] <0.9068.0>@ejabberd_sql:log:868 p1_mysql_conn: Connection closed, exiting.
2016-06-14 05:43:34.703 [error] <0.9070.0>@ejabberd_sql:log:868 p1_mysql_conn: Connection closed, exiting.
2016-06-14 05:43:34.703 [error] <0.9069.0>@ejabberd_sql:log:868 p1_mysql_conn: Connection closed, exiting.
2016-06-14 05:45:55.268 [error] <0.9084.0>@ejabberd_sql:log:868 p1_mysql_conn: Connection closed, exiting.
2016-06-14 07:32:15.377 [error] <0.9403.0>@ejabberd_sql:log:868 p1_mysql_conn: Connection closed, exiting.
2016-06-14 07:46:48.420 [error] <0.9447.0>@ejabberd_sql:log:868 p1_mysql_conn: Connection closed, exiting.
